<?xml version="1.0" encoding="UTF-8"?>
<!-- Generated by org.testng.reporters.JUnitXMLReporter -->
<testsuite ignored="0" hostname="tushar" failures="0" tests="7" name="Default test" time="798.105" errors="0" timestamp="2022-06-13T12:50:57 IST">
  <testcase classname="com.msminstitution.endtoend.MSMEndToEnd" name="MSMInstitutionCreationFields" time="89.159"/>
  <testcase classname="com.msminstitution.endtoend.MSMEndToEnd" name="MSMCampusCreationFields" time="30.217"/>
  <testcase classname="com.msminstitution.endtoend.MSMEndToEnd" name="CreateInstRegionOfMarketingFields" time="12.8"/>
  <testcase classname="com.msminstitution.endtoend.MSMEndToEnd" name="CreateInstDocumentFlowFields" time="80.839"/>
  <testcase classname="com.msminstitution.endtoend.MSMEndToEnd" name="CreateInstApplicationFlowFields" time="106.25"/>
  <testcase classname="com.msminstitution.endtoend.MSMEndToEnd" name="CreateProgramFields" time="462.984"/>
  <testcase classname="com.msminstitution.endtoend.MSMEndToEnd" name="MSMInstitutionIntakeFields" time="1.82"/>
</testsuite> <!-- Default test -->
